[2021-04-18 07:27:29] local.ERROR: file_get_contents(testajabang): failed to open stream: No such file or directory {"exception":"[object] (ErrorException(code: 0): file_get_contents(testajabang): failed to open stream: No such file or directory at /www/htdocs/w019e95a/bautagebuch/vendor/facade/ignition/src/Solutions/MakeViewVariableOptionalSolution.php:76)
[stacktrace]
#0 [internal function]: Illuminate\\Foundation\\Bootstrap\\HandleExceptions->handleError(2, 'file_get_conten...', '/www/htdocs/w01...', 76, Array)
#1 /www/htdocs/w019e95a/bautagebuch/vendor/facade/ignition/src/Solutions/MakeViewVariableOptionalSolution.php(76): file_get_contents('testajabang')
#2 /www/htdocs/w019e95a/bautagebuch/vendor/facade/ignition/src/Solutions/MakeViewVariableOptionalSolution.php(68): Facade\\Ignition\\Solutions\\MakeViewVariableOptionalSolution->makeOptional(Array)
#3 /www/htdocs/w019e95a/bautagebuch/vendor/facade/ignition/src/Http/Controllers/ExecuteSolutionController.php(19): Facade\\Ignition\\Solutions\\MakeViewVariableOptionalSolution->run(Array)
#4 /www/htdocs/w019e95a/bautagebuch/vendor/laravel/framework/src/Illuminate/Routing/ControllerDispatcher.php(48): Facade\\Ignition\\Http\\Controllers\\ExecuteSolutionController->__invoke(Object(Facade\\Ignition\\Http\\Requests\\ExecuteSolutionRequest), Object(Facade\\Ignition\\SolutionProviders\\SolutionProviderRepository))
#5 /www/htdocs/w019e95a/bautagebuch/vendor/laravel/framework/src/Illuminate/Routing/Route.php(219): Illuminate\\Routing\\ControllerDispatcher->dispatch(Object(Illuminate\\Routing\\Route), Object(Facade\\Ignition\\Http\\Controllers\\ExecuteSolutionController), '__invoke')
#6 /www/htdocs/w019e95a/bautagebuch/vendor/laravel/framework/src/Illuminate/Routing/Route.php(176): Illuminate\\Routing\\Route->runController()
#7 /www/htdocs/w019e95a/bautagebuch/vendor/laravel/framework/src/Illuminate/Routing/Router.php(680): Illuminate\\Routing\\Route->run()
#8 /www/htdocs/w019e95a/bautagebuch/vendor/laravel/framework/src/Illuminate/Pipeline/Pipeline.php(130): Illuminate\\Routing\\Router->Illuminate\\Routing\\{closure}(Object(Illuminate\\Http\\Request))
#9 /www/htdocs/w019e95a/bautagebuch/vendor/facade/ignition/src/Http/Middleware/IgnitionConfigValueEnabled.php(25): Illuminate\\Pipeline\\Pipeline->Illuminate\\Pipeline\\{closure}(Object(Illuminate\\Http\\Request))
#10 /www/htdocs/w019e95a/bautagebuch/vendor/laravel/framework/src/Illuminate/Pipeline/Pipeline.php(171): Facade\\Ignition\\Http\\Middleware\\IgnitionConfigValueEnabled->handle(Object(Illuminate\\Http\\Request), Object(Closure), 'enableRunnableS...')
#11 /www/htdocs/w019e95a/bautagebuch/vendor/facade/ignition/src/Http/Middleware/IgnitionEnabled.php(23): Illuminate\\Pipeline\\Pipeline->Illuminate\\Pipeline\\{closure}(Object(Illuminate\\Http\\Request))
#12 /www/htdocs/w019e95a/bautagebuch/vendor/laravel/framework/src/Illuminate/Pipeline/Pipeline.php(171): Facade\\Ignition\\Http\\Middleware\\IgnitionEnabled->handle(Object(Illuminate\\Http\\Request), Object(Closure))
#13 /www/htdocs/w019e95a/bautagebuch/vendor/laravel/framework/src/Illuminate/Pipeline/Pipeline.php(105): Illuminate\\Pipeline\\Pipeline->Illuminate\\Pipeline\\{closure}(Object(Illuminate\\Http\\Request))
#14 /www/htdocs/w019e95a/bautagebuch/vendor/laravel/framework/src/Illuminate/Routing/Router.php(682): Illuminate\\Pipeline\\Pipeline->then(Object(Closure))
#15 /www/htdocs/w019e95a/bautagebuch/vendor/laravel/framework/src/Illuminate/Routing/Router.php(657): Illuminate\\Routing\\Router->runRouteWithinStack(Object(Illuminate\\Routing\\Route), Object(Illuminate\\Http\\Request))
#16 /www/htdocs/w019e95a/bautagebuch/vendor/laravel/framework/src/Illuminate/Routing/Router.php(623): Illuminate\\Routing\\Router->runRoute(Object(Illuminate\\Http\\Request), Object(Illuminate\\Routing\\Route))
#17 /www/htdocs/w019e95a/bautagebuch/vendor/laravel/framework/src/Illuminate/Routing/Router.php(612): Illuminate\\Routing\\Router->dispatchToRoute(Object(Illuminate\\Http\\Request))
#18 /www/htdocs/w019e95a/bautagebuch/vendor/laravel/framework/src/Illuminate/Foundation/Http/Kernel.php(176): Illuminate\\Routing\\Router->dispatch(Object(Illuminate\\Http\\Request))
#19 /www/htdocs/w019e95a/bautagebuch/vendor/laravel/framework/src/Illuminate/Pipeline/Pipeline.php(130): Illuminate\\Foundation\\Http\\Kernel->Illuminate\\Foundation\\Http\\{closure}(Object(Illuminate\\Http\\Request))
#20 /www/htdocs/w019e95a/bautagebuch/vendor/laravel/framework/src/Illuminate/Foundation/Http/Middleware/TransformsRequest.php(21): Illuminate\\Pipeline\\Pipeline->Illuminate\\Pipeline\\{closure}(Object(Illuminate\\Http\\Request))
#21 /www/htdocs/w019e95a/bautagebuch/vendor/laravel/framework/src/Illuminate/Pipeline/Pipeline.php(171): Illuminate\\Foundation\\Http\\Middleware\\TransformsRequest->handle(Object(Illuminate\\Http\\Request), Object(Closure))
#22 /www/htdocs/w019e95a/bautagebuch/vendor/laravel/framework/src/Illuminate/Foundation/Http/Middleware/TransformsRequest.php(21): Illuminate\\Pipeline\\Pipeline->Illuminate\\Pipeline\\{closure}(Object(Illuminate\\Http\\Request))
#23 /www/htdocs/w019e95a/bautagebuch/vendor/laravel/framework/src/Illuminate/Pipeline/Pipeline.php(171): Illuminate\\Foundation\\Http\\Middleware\\TransformsRequest->handle(Object(Illuminate\\Http\\Request), Object(Closure))
#24 /www/htdocs/w019e95a/bautagebuch/vendor/laravel/framework/src/Illuminate/Foundation/Http/Middleware/ValidatePostSize.php(27): Illuminate\\Pipeline\\Pipeline->Illuminate\\Pipeline\\{closure}(Object(Illuminate\\Http\\Request))
#25 /www/htdocs/w019e95a/bautagebuch/vendor/laravel/framework/src/Illuminate/Pipeline/Pipeline.php(171): Illuminate\\Foundation\\Http\\Middleware\\ValidatePostSize->handle(Object(Illuminate\\Http\\Request), Object(Closure))
#26 /www/htdocs/w019e95a/bautagebuch/vendor/laravel/framework/src/Illuminate/Foundation/Http/Middleware/CheckForMaintenanceMode.php(62): Illuminate\\Pipeline\\Pipeline->Illuminate\\Pipeline\\{closure}(Object(Illuminate\\Http\\Request))
#27 /www/htdocs/w019e95a/bautagebuch/vendor/laravel/framework/src/Illuminate/Pipeline/Pipeline.php(171): Illuminate\\Foundation\\Http\\Middleware\\CheckForMaintenanceMode->handle(Object(Illuminate\\Http\\Request), Object(Closure))
#28 /www/htdocs/w019e95a/bautagebuch/vendor/fideloper/proxy/src/TrustProxies.php(57): Illuminate\\Pipeline\\Pipeline->Illuminate\\Pipeline\\{closure}(Object(Illuminate\\Http\\Request))
#29 /www/htdocs/w019e95a/bautagebuch/vendor/laravel/framework/src/Illuminate/Pipeline/Pipeline.php(171): Fideloper\\Proxy\\TrustProxies->handle(Object(Illuminate\\Http\\Request), Object(Closure))
#30 /www/htdocs/w019e95a/bautagebuch/vendor/laravel/framework/src/Illuminate/Pipeline/Pipeline.php(105): Illuminate\\Pipeline\\Pipeline->Illuminate\\Pipeline\\{closure}(Object(Illuminate\\Http\\Request))
#31 /www/htdocs/w019e95a/bautagebuch/vendor/laravel/framework/src/Illuminate/Foundation/Http/Kernel.php(151): Illuminate\\Pipeline\\Pipeline->then(Object(Closure))
#32 /www/htdocs/w019e95a/bautagebuch/vendor/laravel/framework/src/Illuminate/Foundation/Http/Kernel.php(116): Illuminate\\Foundation\\Http\\Kernel->sendRequestThroughRouter(Object(Illuminate\\Http\\Request))
#33 /www/htdocs/w019e95a/bautagebuch/index.php(55): Illuminate\\Foundation\\Http\\Kernel->handle(Object(Illuminate\\Http\\Request))
#34 {main}
"} 
